<?xml version="1.0" encoding="UTF-8"?>
<!-- Generated by org.testng.reporters.JUnitReportReporter -->
<testsuite skipped="0" hostname="Konstantina-PC" name="RunTest" tests="3" failures="0" timestamp="16 Nov 2019 20:33:00 GMT" time="54.979" errors="0">
  <testcase name="scenario" time="19.752" classname="RunTest"/>
  <testcase name="scenario" time="15.311" classname="RunTest"/>
  <testcase name="scenario" time="19.916" classname="RunTest"/>
</testsuite> <!-- RunTest -->
